c:\users\ciccio\source\repos\allycat\release\allycat.lib
c:\users\ciccio\source\repos\allycat\release\allycat.exp
c:\users\ciccio\source\repos\allycat\allycat\release\vc140.pdb
c:\users\ciccio\source\repos\allycat\allycat\release\res_dropper.obj
c:\users\ciccio\source\repos\allycat\allycat\release\ext_hijacker.obj
c:\users\ciccio\source\repos\allycat\allycat\release\dllmain.obj
c:\users\ciccio\source\repos\allycat\allycat\release\allycat.obj
c:\users\ciccio\source\repos\allycat\release\allycat.dll
c:\users\ciccio\source\repos\allycat\release\allycat.ipdb
c:\users\ciccio\source\repos\allycat\release\allycat.iobj
c:\users\ciccio\source\repos\allycat\release\allycat.pdb
c:\users\ciccio\source\repos\allycat\allycat\release\resource.res
c:\users\ciccio\source\repos\allycat\allycat\release\allycat.tlog\allycat.write.1u.tlog
c:\users\ciccio\source\repos\allycat\allycat\release\allycat.tlog\cl.command.1.tlog
c:\users\ciccio\source\repos\allycat\allycat\release\allycat.tlog\cl.read.1.tlog
c:\users\ciccio\source\repos\allycat\allycat\release\allycat.tlog\cl.write.1.tlog
c:\users\ciccio\source\repos\allycat\allycat\release\allycat.tlog\link.command.1.tlog
c:\users\ciccio\source\repos\allycat\allycat\release\allycat.tlog\link.read.1.tlog
c:\users\ciccio\source\repos\allycat\allycat\release\allycat.tlog\link.write.1.tlog
c:\users\ciccio\source\repos\allycat\allycat\release\allycat.tlog\rc.command.1.tlog
c:\users\ciccio\source\repos\allycat\allycat\release\allycat.tlog\rc.read.1.tlog
c:\users\ciccio\source\repos\allycat\allycat\release\allycat.tlog\rc.write.1.tlog
